[1774058436] runtime: orchestrator started (mode=hybrid, resume=true)
[1774059718] recovery: owned-task intervention for eng-1-1 covering 1 active task(s)
[1774059827] recovery: triage intervention for manager with 2 pending direct-report result(s)
[1774059924] recovery: triage intervention for manager with 2 pending direct-report result(s)
[1774060507] recovery: triage intervention for manager with 3 pending direct-report result(s)
[1774060739] recovery: triage intervention for manager with 3 pending direct-report result(s)
[1774060742] recovery: triage intervention for architect with 1 pending direct-report result(s)
[1774060830] recovery: triage intervention for manager with 3 pending direct-report result(s)
[1774060833] recovery: triage intervention for architect with 2 pending direct-report result(s)
[1774060921] recovery: triage intervention for architect with 3 pending direct-report result(s)
[1774061340] recovery: owned-task intervention for eng-1-1 covering 1 active task(s)
[1774061468] recovery: owned-task intervention for eng-1-2 covering 1 active task(s)
[1774061592] recovery: triage intervention for manager with 4 pending direct-report result(s)
[1774061595] recovery: triage intervention for architect with 1 pending direct-report result(s)
[1774061677] recovery: triage intervention for manager with 4 pending direct-report result(s)
[1774061686] recovery: triage intervention for architect with 2 pending direct-report result(s)
[1774061914] recovery: triage intervention for manager with 4 pending direct-report result(s)
[1774062426] recovery: owned-task intervention for eng-1-1 covering 1 active task(s)
[1774062487] recovery: owned-task intervention for eng-1-4 covering 1 active task(s)
[1774062575] recovery: utilization intervention for architect (working engineers: 1, idle active: 1, idle unassigned: 2, open tasks: 2)
[1774062640] recovery: owned-task intervention for eng-1-2 covering 1 active task(s)
[1774062774] recovery: triage intervention for architect with 2 pending direct-report result(s)
[1774062948] recovery: triage intervention for manager with 3 pending direct-report result(s)
[1774062951] recovery: triage intervention for architect with 1 pending direct-report result(s)
[1774063027] recovery: triage intervention for manager with 3 pending direct-report result(s)
[1774063042] recovery: triage intervention for architect with 2 pending direct-report result(s)
[1774063111] recovery: triage intervention for manager with 3 pending direct-report result(s)
[1774063198] recovery: triage intervention for manager with 3 pending direct-report result(s)
[1774063201] recovery: triage intervention for architect with 4 pending direct-report result(s)
[1774063304] recovery: triage intervention for architect with 5 pending direct-report result(s)
